<!DOCTYPE html>
<html>
<head>
<meta charset=utf-8>
<title>Wild Daisy Explore</title>
</head>		
<body background="back.jpg">
<meta name="viewport" content="width=device-width, initial-scale=1">
<style>
body {
  margin: 0;
  font-size: 28px;
}

.header {
  background-color: #f1f1f1;
  padding:  30px;
  text-align: center;
}

#navbar {
  overflow: hidden;
  background-color: #333;
}

#navbar a {
  float: left;
  display: block;
  color: #f2f2f2;
  text-align: center;
  padding: 14px 16px;
  text-decoration: none;
  font-size: 17px;
}

#navbar a:hover {
  background-color: #ddd;
  color: black;
}

#navbar a.active {
  background-color: #4CAF50;
  color: white;
}

.content {
  padding: 16px;
}

.sticky {
  position: fixed;
  top: 0;
  width: 100%;
}

.sticky + .content {
  padding-top: 60px;
}
</style>
</head>
<body>

<div id="navbar">
  <a  class="active" href="home.html"target="-self"><blockquote><fontcolor="white"><b>Acasă</b></font></blockquote></a>
  <a href="contact.html" target="_self"><blockquote><font color="black"><b>Contact</b></font></blockquote></a>
  <a href="galerie.html" target="_self"><blockquote><font color="black"><b>Programe TV</b></font></blockquote></a>
  <a href="aplicatie.html" target="_self"><blockquote><font color="black"><b>Despre noi</b></font></blockquote></a>
  <a href="informatii.html" target="_self"><blockquote><font color="black"><b>Evenimente</b></font></blockquote></a>
  <a href="anexe.html" target="_self"><blockquote><font color="black"><b>Urmărește-ne!</b></font></blockquote></a>  
  </div>

<div class="content">
<script>
window.onscroll = function() {myFunction()};

var navbar = document.getElementById("navbar");
var sticky = navbar.offsetTop;

function myFunction() {
  if (window.pageYOffset >= sticky) {
    navbar.classList.add("sticky")
  } else {
    navbar.classList.remove("sticky");
  }
}
</script>
<center><h1><font color="black">Wild Daisy Explore</font></h1></center>
<blockquote><b><font color="black">Descriere:</font></b><br>

<font color="black"></font>
<br><br>
<br><br><br></blockquote>
</body>
</html>